# JRE version: OpenJDK Runtime Environment Temurin-21.0.8+9 (21.0.8+9) (build 21.0.8+9-LTS)
# Java VM: OpenJDK 64-Bit Server VM Temurin-21.0.8+9 (21.0.8+9-LTS, mixed mode, sharing, tiered, compressed oops, compressed class ptrs, parallel gc, windows-amd64)
GC Precious Log:
 CardTable entry size: 512
 CPUs: 8 total, 8 available
 Memory: 8014M
 Large Page Support: Disabled
 NUMA Support: Disabled
 Compressed Oops: Enabled (32-bit)
 Alignments: Space 512K, Generation 512K, Heap 2M
 Heap Min Capacity: 100M
 Heap Initial Capacity: 100M
 Heap Max Capacity: 2G
 Pre-touch: Disabled
 Parallel Workers: 8
Heap:
 PSYoungGen      total 9728K, used 8064K [0x00000000d5580000, 0x00000000d6100000, 0x0000000100000000)
  eden space 7680K, 100% used [0x00000000d5580000,0x00000000d5d00000,0x00000000d5d00000)
  from space 2048K, 18% used [0x00000000d5d00000,0x00000000d5d60000,0x00000000d5f00000)
  to   space 1024K, 0% used [0x00000000d6000000,0x00000000d6000000,0x00000000d6100000)
 ParOldGen       total 1369088K, used 724910K [0x0000000080000000, 0x00000000d3900000, 0x00000000d5580000)
  object space 1369088K, 52% used [0x0000000080000000,0x00000000ac3eb9e0,0x00000000d3900000)
 Metaspace       used 80139K, committed 81920K, reserved 1179648K
  class space    used 8289K, committed 9024K, reserved 1048576K
GC Heap History (20 events):
Event: 284.092 GC heap before
{Heap before GC invocations=1898 (full 4):
 PSYoungGen      total 12800K, used 12250K [0x00000000d5580000, 0x00000000d6400000, 0x0000000100000000)
  eden space 10752K, 100% used [0x00000000d5580000,0x00000000d6000000,0x00000000d6000000)
  from space 2048K, 73% used [0x00000000d6000000,0x00000000d6176900,0x00000000d6200000)
  to   space 2048K, 0% used [0x00000000d6200000,0x00000000d6200000,0x00000000d6400000)
 ParOldGen       total 1369088K, used 715117K [0x0000000080000000, 0x00000000d3900000, 0x00000000d5580000)
  object space 1369088K, 52% used [0x0000000080000000,0x00000000aba5b7c0,0x00000000d3900000)
 Metaspace       used 79926K, committed 81728K, reserved 1179648K
  class space    used 8278K, committed 9024K, reserved 1048576K
}
Event: 284.100 GC heap after
{Heap after GC invocations=1898 (full 4):
 PSYoungGen      total 11264K, used 308K [0x00000000d5580000, 0x00000000d6280000, 0x0000000100000000)
  eden space 10752K, 0% used [0x00000000d5580000,0x00000000d5580000,0x00000000d6000000)
  from space 512K, 60% used [0x00000000d6200000,0x00000000d624d200,0x00000000d6280000)
  to   space 1024K, 0% used [0x00000000d6080000,0x00000000d6080000,0x00000000d6180000)
 ParOldGen       total 1369088K, used 716288K [0x0000000080000000, 0x00000000d3900000, 0x00000000d5580000)
  object space 1369088K, 52% used [0x0000000080000000,0x00000000abb801c0,0x00000000d3900000)
 Metaspace       used 79926K, committed 81728K, reserved 1179648K
  class space    used 8278K, committed 9024K, reserved 1048576K
}
Event: 284.119 GC heap before
{Heap before GC invocations=1899 (full 4):
 PSYoungGen      total 11264K, used 11060K [0x00000000d5580000, 0x00000000d6280000, 0x0000000100000000)
  eden space 10752K, 100% used [0x00000000d5580000,0x00000000d6000000,0x00000000d6000000)
  from space 512K, 60% used [0x00000000d6200000,0x00000000d624d200,0x00000000d6280000)
  to   space 1024K, 0% used [0x00000000d6080000,0x00000000d6080000,0x00000000d6180000)
 ParOldGen       total 1369088K, used 716288K [0x0000000080000000, 0x00000000d3900000, 0x00000000d5580000)
  object space 1369088K, 52% used [0x0000000080000000,0x00000000abb801c0,0x00000000d3900000)
 Metaspace       used 79929K, committed 81728K, reserved 1179648K
  class space    used 8278K, committed 9024K, reserved 1048576K
}
Event: 284.126 GC heap after
{Heap after GC invocations=1899 (full 4):
 PSYoungGen      total 11776K, used 1021K [0x00000000d5580000, 0x00000000d6500000, 0x0000000100000000)
  eden space 10752K, 0% used [0x00000000d5580000,0x00000000d5580000,0x00000000d6000000)
  from space 1024K, 99% used [0x00000000d6080000,0x00000000d617f558,0x00000000d6180000)
  to   space 2560K, 0% used [0x00000000d6280000,0x00000000d6280000,0x00000000d6500000)
 ParOldGen       total 1369088K, used 717113K [0x0000000080000000, 0x00000000d3900000, 0x00000000d5580000)
  object space 1369088K, 52% used [0x0000000080000000,0x00000000abc4e518,0x00000000d3900000)
 Metaspace       used 79929K, committed 81728K, reserved 1179648K
  class space    used 8278K, committed 9024K, reserved 1048576K
}
Event: 284.168 GC heap before
{Heap before GC invocations=1900 (full 4):
 PSYoungGen      total 11776K, used 11773K [0x00000000d5580000, 0x00000000d6500000, 0x0000000100000000)
  eden space 10752K, 100% used [0x00000000d5580000,0x00000000d6000000,0x00000000d6000000)
  from space 1024K, 99% used [0x00000000d6080000,0x00000000d617f558,0x00000000d6180000)
  to   space 2560K, 0% used [0x00000000d6280000,0x00000000d6280000,0x00000000d6500000)
 ParOldGen       total 1369088K, used 717113K [0x0000000080000000, 0x00000000d3900000, 0x00000000d5580000)
  object space 1369088K, 52% used [0x0000000080000000,0x00000000abc4e518,0x00000000d3900000)
 Metaspace       used 79933K, committed 81728K, reserved 1179648K
  class space    used 8278K, committed 9024K, reserved 1048576K
}
Event: 284.180 GC heap after
{Heap after GC invocations=1900 (full 4):
 PSYoungGen      total 10240K, used 2528K [0x00000000d5580000, 0x00000000d6b00000, 0x0000000100000000)
  eden space 7680K, 0% used [0x00000000d5580000,0x00000000d5580000,0x00000000d5d00000)
  from space 2560K, 98% used [0x00000000d6280000,0x00000000d64f81f0,0x00000000d6500000)
  to   space 5632K, 0% used [0x00000000d5d00000,0x00000000d5d00000,0x00000000d6280000)
 ParOldGen       total 1369088K, used 719390K [0x0000000080000000, 0x00000000d3900000, 0x00000000d5580000)
  object space 1369088K, 52% used [0x0000000080000000,0x00000000abe87a70,0x00000000d3900000)
 Metaspace       used 79933K, committed 81728K, reserved 1179648K
  class space    used 8278K, committed 9024K, reserved 1048576K
}
Event: 284.206 GC heap before
{Heap before GC invocations=1901 (full 4):
 PSYoungGen      total 10240K, used 10208K [0x00000000d5580000, 0x00000000d6b00000, 0x0000000100000000)
  eden space 7680K, 100% used [0x00000000d5580000,0x00000000d5d00000,0x00000000d5d00000)
  from space 2560K, 98% used [0x00000000d6280000,0x00000000d64f81f0,0x00000000d6500000)
  to   space 5632K, 0% used [0x00000000d5d00000,0x00000000d5d00000,0x00000000d6280000)
 ParOldGen       total 1369088K, used 719390K [0x0000000080000000, 0x00000000d3900000, 0x00000000d5580000)
  object space 1369088K, 52% used [0x0000000080000000,0x00000000abe87a70,0x00000000d3900000)
 Metaspace       used 79933K, committed 81728K, reserved 1179648K
  class space    used 8278K, committed 9024K, reserved 1048576K
}
Event: 284.217 GC heap after
{Heap after GC invocations=1901 (full 4):
 PSYoungGen      total 8192K, used 416K [0x00000000d5580000, 0x00000000d6300000, 0x0000000100000000)
  eden space 7680K, 0% used [0x00000000d5580000,0x00000000d5580000,0x00000000d5d00000)
  from space 512K, 81% used [0x00000000d5d00000,0x00000000d5d68000,0x00000000d5d80000)
  to   space 2048K, 0% used [0x00000000d6100000,0x00000000d6100000,0x00000000d6300000)
 ParOldGen       total 1369088K, used 721294K [0x0000000080000000, 0x00000000d3900000, 0x00000000d5580000)
  object space 1369088K, 52% used [0x0000000080000000,0x00000000ac063a80,0x00000000d3900000)
 Metaspace       used 79933K, committed 81728K, reserved 1179648K
  class space    used 8278K, committed 9024K, reserved 1048576K
}
Event: 285.501 GC heap before
{Heap before GC invocations=1902 (full 4):
 PSYoungGen      total 8192K, used 8096K [0x00000000d5580000, 0x00000000d6300000, 0x0000000100000000)
  eden space 7680K, 100% used [0x00000000d5580000,0x00000000d5d00000,0x00000000d5d00000)
  from space 512K, 81% used [0x00000000d5d00000,0x00000000d5d68000,0x00000000d5d80000)
  to   space 2048K, 0% used [0x00000000d6100000,0x00000000d6100000,0x00000000d6300000)
 ParOldGen       total 1369088K, used 721294K [0x0000000080000000, 0x00000000d3900000, 0x00000000d5580000)
  object space 1369088K, 52% used [0x0000000080000000,0x00000000ac063a80,0x00000000d3900000)
 Metaspace       used 79938K, committed 81728K, reserved 1179648K
  class space    used 8279K, committed 9024K, reserved 1048576K
}
Event: 285.504 GC heap after
{Heap after GC invocations=1902 (full 4):
 PSYoungGen      total 9216K, used 1312K [0x00000000d5580000, 0x00000000d6280000, 0x0000000100000000)
  eden space 7680K, 0% used [0x00000000d5580000,0x00000000d5580000,0x00000000d5d00000)
  from space 1536K, 85% used [0x00000000d6100000,0x00000000d6248000,0x00000000d6280000)
  to   space 1536K, 0% used [0x00000000d5f80000,0x00000000d5f80000,0x00000000d6100000)
 ParOldGen       total 1369088K, used 721614K [0x0000000080000000, 0x00000000d3900000, 0x00000000d5580000)
  object space 1369088K, 52% used [0x0000000080000000,0x00000000ac0b3a80,0x00000000d3900000)
 Metaspace       used 79938K, committed 81728K, reserved 1179648K
  class space    used 8279K, committed 9024K, reserved 1048576K
}
Event: 296.479 GC heap before
{Heap before GC invocations=1903 (full 4):
 PSYoungGen      total 9216K, used 8992K [0x00000000d5580000, 0x00000000d6280000, 0x0000000100000000)
  eden space 7680K, 100% used [0x00000000d5580000,0x00000000d5d00000,0x00000000d5d00000)
  from space 1536K, 85% used [0x00000000d6100000,0x00000000d6248000,0x00000000d6280000)
  to   space 1536K, 0% used [0x00000000d5f80000,0x00000000d5f80000,0x00000000d6100000)
 ParOldGen       total 1369088K, used 721614K [0x0000000080000000, 0x00000000d3900000, 0x00000000d5580000)
  object space 1369088K, 52% used [0x0000000080000000,0x00000000ac0b3a80,0x00000000d3900000)
 Metaspace       used 79956K, committed 81728K, reserved 1179648K
  class space    used 8280K, committed 9024K, reserved 1048576K
}
Event: 296.484 GC heap after
{Heap after GC invocations=1903 (full 4):
 PSYoungGen      total 8192K, used 240K [0x00000000d5580000, 0x00000000d6180000, 0x0000000100000000)
  eden space 7680K, 0% used [0x00000000d5580000,0x00000000d5580000,0x00000000d5d00000)
  from space 512K, 46% used [0x00000000d5f80000,0x00000000d5fbc010,0x00000000d6000000)
  to   space 1024K, 0% used [0x00000000d6080000,0x00000000d6080000,0x00000000d6180000)
 ParOldGen       total 1369088K, used 722839K [0x0000000080000000, 0x00000000d3900000, 0x00000000d5580000)
  object space 1369088K, 52% used [0x0000000080000000,0x00000000ac1e5f90,0x00000000d3900000)
 Metaspace       used 79956K, committed 81728K, reserved 1179648K
  class space    used 8280K, committed 9024K, reserved 1048576K
}
Event: 296.939 GC heap before
{Heap before GC invocations=1904 (full 4):
 PSYoungGen      total 8192K, used 7919K [0x00000000d5580000, 0x00000000d6180000, 0x0000000100000000)
  eden space 7680K, 99% used [0x00000000d5580000,0x00000000d5cfffc0,0x00000000d5d00000)
  from space 512K, 46% used [0x00000000d5f80000,0x00000000d5fbc010,0x00000000d6000000)
  to   space 1024K, 0% used [0x00000000d6080000,0x00000000d6080000,0x00000000d6180000)
 ParOldGen       total 1369088K, used 722839K [0x0000000080000000, 0x00000000d3900000, 0x00000000d5580000)
  object space 1369088K, 52% used [0x0000000080000000,0x00000000ac1e5f90,0x00000000d3900000)
 Metaspace       used 79962K, committed 81728K, reserved 1179648K
  class space    used 8280K, committed 9024K, reserved 1048576K
}
Event: 296.941 GC heap after
{Heap after GC invocations=1904 (full 4):
 PSYoungGen      total 8704K, used 813K [0x00000000d5580000, 0x00000000d6180000, 0x0000000100000000)
  eden space 7680K, 0% used [0x00000000d5580000,0x00000000d5580000,0x00000000d5d00000)
  from space 1024K, 79% used [0x00000000d6080000,0x00000000d614b610,0x00000000d6180000)
  to   space 1024K, 0% used [0x00000000d5f80000,0x00000000d5f80000,0x00000000d6080000)
 ParOldGen       total 1369088K, used 722895K [0x0000000080000000, 0x00000000d3900000, 0x00000000d5580000)
  object space 1369088K, 52% used [0x0000000080000000,0x00000000ac1f3f90,0x00000000d3900000)
 Metaspace       used 79962K, committed 81728K, reserved 1179648K
  class space    used 8280K, committed 9024K, reserved 1048576K
}
Event: 298.774 GC heap before
{Heap before GC invocations=1905 (full 4):
 PSYoungGen      total 8704K, used 8493K [0x00000000d5580000, 0x00000000d6180000, 0x0000000100000000)
  eden space 7680K, 100% used [0x00000000d5580000,0x00000000d5d00000,0x00000000d5d00000)
  from space 1024K, 79% used [0x00000000d6080000,0x00000000d614b610,0x00000000d6180000)
  to   space 1024K, 0% used [0x00000000d5f80000,0x00000000d5f80000,0x00000000d6080000)
 ParOldGen       total 1369088K, used 722895K [0x0000000080000000, 0x00000000d3900000, 0x00000000d5580000)
  object space 1369088K, 52% used [0x0000000080000000,0x00000000ac1f3f90,0x00000000d3900000)
 Metaspace       used 79996K, committed 81792K, reserved 1179648K
  class space    used 8280K, committed 9024K, reserved 1048576K
}
Event: 298.778 GC heap after
{Heap after GC invocations=1905 (full 4):
 PSYoungGen      total 8704K, used 697K [0x00000000d5580000, 0x00000000d6100000, 0x0000000100000000)
  eden space 7680K, 0% used [0x00000000d5580000,0x00000000d5580000,0x00000000d5d00000)
  from space 1024K, 68% used [0x00000000d5f80000,0x00000000d602e410,0x00000000d6080000)
  to   space 512K, 0% used [0x00000000d6080000,0x00000000d6080000,0x00000000d6100000)
 ParOldGen       total 1369088K, used 723236K [0x0000000080000000, 0x00000000d3900000, 0x00000000d5580000)
  object space 1369088K, 52% used [0x0000000080000000,0x00000000ac2491a0,0x00000000d3900000)
 Metaspace       used 79996K, committed 81792K, reserved 1179648K
  class space    used 8280K, committed 9024K, reserved 1048576K
}
Event: 299.047 GC heap before
{Heap before GC invocations=1906 (full 4):
 PSYoungGen      total 8704K, used 8377K [0x00000000d5580000, 0x00000000d6100000, 0x0000000100000000)
  eden space 7680K, 100% used [0x00000000d5580000,0x00000000d5d00000,0x00000000d5d00000)
  from space 1024K, 68% used [0x00000000d5f80000,0x00000000d602e410,0x00000000d6080000)
  to   space 512K, 0% used [0x00000000d6080000,0x00000000d6080000,0x00000000d6100000)
 ParOldGen       total 1369088K, used 723236K [0x0000000080000000, 0x00000000d3900000, 0x00000000d5580000)
  object space 1369088K, 52% used [0x0000000080000000,0x00000000ac2491a0,0x00000000d3900000)
 Metaspace       used 80054K, committed 81856K, reserved 1179648K
  class space    used 8281K, committed 9024K, reserved 1048576K
}
Event: 299.050 GC heap after
{Heap after GC invocations=1906 (full 4):
 PSYoungGen      total 8192K, used 496K [0x00000000d5580000, 0x00000000d6100000, 0x0000000100000000)
  eden space 7680K, 0% used [0x00000000d5580000,0x00000000d5580000,0x00000000d5d00000)
  from space 512K, 96% used [0x00000000d6080000,0x00000000d60fc010,0x00000000d6100000)
  to   space 2048K, 0% used [0x00000000d5d00000,0x00000000d5d00000,0x00000000d5f00000)
 ParOldGen       total 1369088K, used 724430K [0x0000000080000000, 0x00000000d3900000, 0x00000000d5580000)
  object space 1369088K, 52% used [0x0000000080000000,0x00000000ac3739d0,0x00000000d3900000)
 Metaspace       used 80054K, committed 81856K, reserved 1179648K
  class space    used 8281K, committed 9024K, reserved 1048576K
}
Event: 299.710 GC heap before
{Heap before GC invocations=1907 (full 4):
 PSYoungGen      total 8192K, used 8176K [0x00000000d5580000, 0x00000000d6100000, 0x0000000100000000)
  eden space 7680K, 100% used [0x00000000d5580000,0x00000000d5d00000,0x00000000d5d00000)
  from space 512K, 96% used [0x00000000d6080000,0x00000000d60fc010,0x00000000d6100000)
  to   space 2048K, 0% used [0x00000000d5d00000,0x00000000d5d00000,0x00000000d5f00000)
 ParOldGen       total 1369088K, used 724430K [0x0000000080000000, 0x00000000d3900000, 0x00000000d5580000)
  object space 1369088K, 52% used [0x0000000080000000,0x00000000ac3739d0,0x00000000d3900000)
 Metaspace       used 80075K, committed 81856K, reserved 1179648K
  class space    used 8281K, committed 9024K, reserved 1048576K
}
Event: 299.712 GC heap after
{Heap after GC invocations=1907 (full 4):
 PSYoungGen      total 9728K, used 384K [0x00000000d5580000, 0x00000000d6100000, 0x0000000100000000)
  eden space 7680K, 0% used [0x00000000d5580000,0x00000000d5580000,0x00000000d5d00000)
  from space 2048K, 18% used [0x00000000d5d00000,0x00000000d5d60000,0x00000000d5f00000)
  to   space 1024K, 0% used [0x00000000d6000000,0x00000000d6000000,0x00000000d6100000)
 ParOldGen       total 1369088K, used 724910K [0x0000000080000000, 0x00000000d3900000, 0x00000000d5580000)
  object space 1369088K, 52% used [0x0000000080000000,0x00000000ac3eb9e0,0x00000000d3900000)
 Metaspace       used 80075K, committed 81856K, reserved 1179648K
  class space    used 8281K, committed 9024K, reserved 1048576K
}

