# JRE version: OpenJDK Runtime Environment Temurin-21.0.8+9 (21.0.8+9) (build 21.0.8+9-LTS)
# Java VM: OpenJDK 64-Bit Server VM Temurin-21.0.8+9 (21.0.8+9-LTS, mixed mode, sharing, tiered, compressed oops, compressed class ptrs, parallel gc, windows-amd64)
GC Precious Log:
 CardTable entry size: 512
 CPUs: 8 total, 8 available
 Memory: 8014M
 Large Page Support: Disabled
 NUMA Support: Disabled
 Compressed Oops: Enabled (32-bit)
 Alignments: Space 512K, Generation 512K, Heap 2M
 Heap Min Capacity: 100M
 Heap Initial Capacity: 100M
 Heap Max Capacity: 2G
 Pre-touch: Disabled
 Parallel Workers: 8
Heap:
 PSYoungGen      total 3584K, used 3202K [0x00000000d5580000, 0x00000000d5a00000, 0x0000000100000000)
  eden space 2560K, 100% used [0x00000000d5580000,0x00000000d5800000,0x00000000d5800000)
  from space 1024K, 62% used [0x00000000d5800000,0x00000000d58a0900,0x00000000d5900000)
  to   space 1024K, 64% used [0x00000000d5900000,0x00000000d59a5740,0x00000000d5a00000)
 ParOldGen       total 205824K, used 205481K [0x0000000080000000, 0x000000008c900000, 0x00000000d5580000)
  object space 205824K, 99% used [0x0000000080000000,0x000000008c8aa570,0x000000008c900000)
 Metaspace       used 76566K, committed 78336K, reserved 1179648K
  class space    used 8141K, committed 8896K, reserved 1048576K
GC Heap History (20 events):
Event: 35.750 GC heap before
{Heap before GC invocations=274 (full 3):
 PSYoungGen      total 3584K, used 3356K [0x00000000d5580000, 0x00000000d5a00000, 0x0000000100000000)
  eden space 2560K, 100% used [0x00000000d5580000,0x00000000d5800000,0x00000000d5800000)
  from space 1024K, 77% used [0x00000000d5900000,0x00000000d59c7068,0x00000000d5a00000)
  to   space 1024K, 0% used [0x00000000d5800000,0x00000000d5800000,0x00000000d5900000)
 ParOldGen       total 199168K, used 199134K [0x0000000080000000, 0x000000008c280000, 0x00000000d5580000)
  object space 199168K, 99% used [0x0000000080000000,0x000000008c277960,0x000000008c280000)
 Metaspace       used 76556K, committed 78272K, reserved 1179648K
  class space    used 8140K, committed 8896K, reserved 1048576K
}
Event: 35.752 GC heap after
{Heap after GC invocations=274 (full 3):
 PSYoungGen      total 3584K, used 658K [0x00000000d5580000, 0x00000000d5a00000, 0x0000000100000000)
  eden space 2560K, 0% used [0x00000000d5580000,0x00000000d5580000,0x00000000d5800000)
  from space 1024K, 64% used [0x00000000d5800000,0x00000000d58a4b88,0x00000000d5900000)
  to   space 1024K, 0% used [0x00000000d5900000,0x00000000d5900000,0x00000000d5a00000)
 ParOldGen       total 199680K, used 199668K [0x0000000080000000, 0x000000008c300000, 0x00000000d5580000)
  object space 199680K, 99% used [0x0000000080000000,0x000000008c2fd2e8,0x000000008c300000)
 Metaspace       used 76556K, committed 78272K, reserved 1179648K
  class space    used 8140K, committed 8896K, reserved 1048576K
}
Event: 35.773 GC heap before
{Heap before GC invocations=275 (full 3):
 PSYoungGen      total 3584K, used 3218K [0x00000000d5580000, 0x00000000d5a00000, 0x0000000100000000)
  eden space 2560K, 100% used [0x00000000d5580000,0x00000000d5800000,0x00000000d5800000)
  from space 1024K, 64% used [0x00000000d5800000,0x00000000d58a4b88,0x00000000d5900000)
  to   space 1024K, 0% used [0x00000000d5900000,0x00000000d5900000,0x00000000d5a00000)
 ParOldGen       total 199680K, used 199668K [0x0000000080000000, 0x000000008c300000, 0x00000000d5580000)
  object space 199680K, 99% used [0x0000000080000000,0x000000008c2fd2e8,0x000000008c300000)
 Metaspace       used 76556K, committed 78272K, reserved 1179648K
  class space    used 8140K, committed 8896K, reserved 1048576K
}
Event: 35.775 GC heap after
{Heap after GC invocations=275 (full 3):
 PSYoungGen      total 3584K, used 670K [0x00000000d5580000, 0x00000000d5a00000, 0x0000000100000000)
  eden space 2560K, 0% used [0x00000000d5580000,0x00000000d5580000,0x00000000d5800000)
  from space 1024K, 65% used [0x00000000d5900000,0x00000000d59a7aa8,0x00000000d5a00000)
  to   space 1024K, 0% used [0x00000000d5800000,0x00000000d5800000,0x00000000d5900000)
 ParOldGen       total 200704K, used 200210K [0x0000000080000000, 0x000000008c400000, 0x00000000d5580000)
  object space 200704K, 99% used [0x0000000080000000,0x000000008c384b98,0x000000008c400000)
 Metaspace       used 76556K, committed 78272K, reserved 1179648K
  class space    used 8140K, committed 8896K, reserved 1048576K
}
Event: 35.797 GC heap before
{Heap before GC invocations=276 (full 3):
 PSYoungGen      total 3584K, used 3230K [0x00000000d5580000, 0x00000000d5a00000, 0x0000000100000000)
  eden space 2560K, 100% used [0x00000000d5580000,0x00000000d5800000,0x00000000d5800000)
  from space 1024K, 65% used [0x00000000d5900000,0x00000000d59a7aa8,0x00000000d5a00000)
  to   space 1024K, 0% used [0x00000000d5800000,0x00000000d5800000,0x00000000d5900000)
 ParOldGen       total 200704K, used 200210K [0x0000000080000000, 0x000000008c400000, 0x00000000d5580000)
  object space 200704K, 99% used [0x0000000080000000,0x000000008c384b98,0x000000008c400000)
 Metaspace       used 76556K, committed 78272K, reserved 1179648K
  class space    used 8140K, committed 8896K, reserved 1048576K
}
Event: 35.800 GC heap after
{Heap after GC invocations=276 (full 3):
 PSYoungGen      total 3584K, used 672K [0x00000000d5580000, 0x00000000d5a00000, 0x0000000100000000)
  eden space 2560K, 0% used [0x00000000d5580000,0x00000000d5580000,0x00000000d5800000)
  from space 1024K, 65% used [0x00000000d5800000,0x00000000d58a8000,0x00000000d5900000)
  to   space 1024K, 0% used [0x00000000d5900000,0x00000000d5900000,0x00000000d5a00000)
 ParOldGen       total 201216K, used 200761K [0x0000000080000000, 0x000000008c480000, 0x00000000d5580000)
  object space 201216K, 99% used [0x0000000080000000,0x000000008c40e438,0x000000008c480000)
 Metaspace       used 76556K, committed 78272K, reserved 1179648K
  class space    used 8140K, committed 8896K, reserved 1048576K
}
Event: 35.822 GC heap before
{Heap before GC invocations=277 (full 3):
 PSYoungGen      total 3584K, used 3232K [0x00000000d5580000, 0x00000000d5a00000, 0x0000000100000000)
  eden space 2560K, 100% used [0x00000000d5580000,0x00000000d5800000,0x00000000d5800000)
  from space 1024K, 65% used [0x00000000d5800000,0x00000000d58a8000,0x00000000d5900000)
  to   space 1024K, 0% used [0x00000000d5900000,0x00000000d5900000,0x00000000d5a00000)
 ParOldGen       total 201216K, used 200761K [0x0000000080000000, 0x000000008c480000, 0x00000000d5580000)
  object space 201216K, 99% used [0x0000000080000000,0x000000008c40e438,0x000000008c480000)
 Metaspace       used 76556K, committed 78272K, reserved 1179648K
  class space    used 8140K, committed 8896K, reserved 1048576K
}
Event: 35.824 GC heap after
{Heap after GC invocations=277 (full 3):
 PSYoungGen      total 3584K, used 640K [0x00000000d5580000, 0x00000000d5a00000, 0x0000000100000000)
  eden space 2560K, 0% used [0x00000000d5580000,0x00000000d5580000,0x00000000d5800000)
  from space 1024K, 62% used [0x00000000d5900000,0x00000000d59a0000,0x00000000d5a00000)
  to   space 1024K, 0% used [0x00000000d5800000,0x00000000d5800000,0x00000000d5900000)
 ParOldGen       total 201728K, used 201292K [0x0000000080000000, 0x000000008c500000, 0x00000000d5580000)
  object space 201728K, 99% used [0x0000000080000000,0x000000008c493018,0x000000008c500000)
 Metaspace       used 76556K, committed 78272K, reserved 1179648K
  class space    used 8140K, committed 8896K, reserved 1048576K
}
Event: 35.844 GC heap before
{Heap before GC invocations=278 (full 3):
 PSYoungGen      total 3584K, used 3200K [0x00000000d5580000, 0x00000000d5a00000, 0x0000000100000000)
  eden space 2560K, 100% used [0x00000000d5580000,0x00000000d5800000,0x00000000d5800000)
  from space 1024K, 62% used [0x00000000d5900000,0x00000000d59a0000,0x00000000d5a00000)
  to   space 1024K, 0% used [0x00000000d5800000,0x00000000d5800000,0x00000000d5900000)
 ParOldGen       total 201728K, used 201292K [0x0000000080000000, 0x000000008c500000, 0x00000000d5580000)
  object space 201728K, 99% used [0x0000000080000000,0x000000008c493018,0x000000008c500000)
 Metaspace       used 76556K, committed 78272K, reserved 1179648K
  class space    used 8140K, committed 8896K, reserved 1048576K
}
Event: 35.849 GC heap after
{Heap after GC invocations=278 (full 3):
 PSYoungGen      total 3584K, used 652K [0x00000000d5580000, 0x00000000d5a00000, 0x0000000100000000)
  eden space 2560K, 0% used [0x00000000d5580000,0x00000000d5580000,0x00000000d5800000)
  from space 1024K, 63% used [0x00000000d5800000,0x00000000d58a3160,0x00000000d5900000)
  to   space 1024K, 0% used [0x00000000d5900000,0x00000000d5900000,0x00000000d5a00000)
 ParOldGen       total 202240K, used 201837K [0x0000000080000000, 0x000000008c580000, 0x00000000d5580000)
  object space 202240K, 99% used [0x0000000080000000,0x000000008c51b760,0x000000008c580000)
 Metaspace       used 76556K, committed 78272K, reserved 1179648K
  class space    used 8140K, committed 8896K, reserved 1048576K
}
Event: 35.870 GC heap before
{Heap before GC invocations=279 (full 3):
 PSYoungGen      total 3584K, used 3212K [0x00000000d5580000, 0x00000000d5a00000, 0x0000000100000000)
  eden space 2560K, 100% used [0x00000000d5580000,0x00000000d5800000,0x00000000d5800000)
  from space 1024K, 63% used [0x00000000d5800000,0x00000000d58a3160,0x00000000d5900000)
  to   space 1024K, 0% used [0x00000000d5900000,0x00000000d5900000,0x00000000d5a00000)
 ParOldGen       total 202240K, used 201837K [0x0000000080000000, 0x000000008c580000, 0x00000000d5580000)
  object space 202240K, 99% used [0x0000000080000000,0x000000008c51b760,0x000000008c580000)
 Metaspace       used 76556K, committed 78272K, reserved 1179648K
  class space    used 8140K, committed 8896K, reserved 1048576K
}
Event: 35.872 GC heap after
{Heap after GC invocations=279 (full 3):
 PSYoungGen      total 3584K, used 704K [0x00000000d5580000, 0x00000000d5a00000, 0x0000000100000000)
  eden space 2560K, 0% used [0x00000000d5580000,0x00000000d5580000,0x00000000d5800000)
  from space 1024K, 68% used [0x00000000d5900000,0x00000000d59b0000,0x00000000d5a00000)
  to   space 1024K, 0% used [0x00000000d5800000,0x00000000d5800000,0x00000000d5900000)
 ParOldGen       total 202752K, used 202380K [0x0000000080000000, 0x000000008c600000, 0x00000000d5580000)
  object space 202752K, 99% used [0x0000000080000000,0x000000008c5a3118,0x000000008c600000)
 Metaspace       used 76556K, committed 78272K, reserved 1179648K
  class space    used 8140K, committed 8896K, reserved 1048576K
}
Event: 35.890 GC heap before
{Heap before GC invocations=280 (full 3):
 PSYoungGen      total 3584K, used 3264K [0x00000000d5580000, 0x00000000d5a00000, 0x0000000100000000)
  eden space 2560K, 100% used [0x00000000d5580000,0x00000000d5800000,0x00000000d5800000)
  from space 1024K, 68% used [0x00000000d5900000,0x00000000d59b0000,0x00000000d5a00000)
  to   space 1024K, 0% used [0x00000000d5800000,0x00000000d5800000,0x00000000d5900000)
 ParOldGen       total 202752K, used 202380K [0x0000000080000000, 0x000000008c600000, 0x00000000d5580000)
  object space 202752K, 99% used [0x0000000080000000,0x000000008c5a3118,0x000000008c600000)
 Metaspace       used 76557K, committed 78272K, reserved 1179648K
  class space    used 8140K, committed 8896K, reserved 1048576K
}
Event: 35.893 GC heap after
{Heap after GC invocations=280 (full 3):
 PSYoungGen      total 3584K, used 619K [0x00000000d5580000, 0x00000000d5a00000, 0x0000000100000000)
  eden space 2560K, 0% used [0x00000000d5580000,0x00000000d5580000,0x00000000d5800000)
  from space 1024K, 60% used [0x00000000d5800000,0x00000000d589aca0,0x00000000d5900000)
  to   space 1024K, 0% used [0x00000000d5900000,0x00000000d5900000,0x00000000d5a00000)
 ParOldGen       total 203264K, used 202921K [0x0000000080000000, 0x000000008c680000, 0x00000000d5580000)
  object space 203264K, 99% used [0x0000000080000000,0x000000008c62a6c0,0x000000008c680000)
 Metaspace       used 76557K, committed 78272K, reserved 1179648K
  class space    used 8140K, committed 8896K, reserved 1048576K
}
Event: 35.914 GC heap before
{Heap before GC invocations=281 (full 3):
 PSYoungGen      total 3584K, used 3179K [0x00000000d5580000, 0x00000000d5a00000, 0x0000000100000000)
  eden space 2560K, 100% used [0x00000000d5580000,0x00000000d5800000,0x00000000d5800000)
  from space 1024K, 60% used [0x00000000d5800000,0x00000000d589aca0,0x00000000d5900000)
  to   space 1024K, 0% used [0x00000000d5900000,0x00000000d5900000,0x00000000d5a00000)
 ParOldGen       total 203264K, used 202921K [0x0000000080000000, 0x000000008c680000, 0x00000000d5580000)
  object space 203264K, 99% used [0x0000000080000000,0x000000008c62a6c0,0x000000008c680000)
 Metaspace       used 76557K, committed 78272K, reserved 1179648K
  class space    used 8140K, committed 8896K, reserved 1048576K
}
Event: 35.917 GC heap after
{Heap after GC invocations=281 (full 3):
 PSYoungGen      total 3584K, used 646K [0x00000000d5580000, 0x00000000d5a00000, 0x0000000100000000)
  eden space 2560K, 0% used [0x00000000d5580000,0x00000000d5580000,0x00000000d5800000)
  from space 1024K, 63% used [0x00000000d5900000,0x00000000d59a18f0,0x00000000d5a00000)
  to   space 1024K, 0% used [0x00000000d5800000,0x00000000d5800000,0x00000000d5900000)
 ParOldGen       total 203776K, used 203479K [0x0000000080000000, 0x000000008c700000, 0x00000000d5580000)
  object space 203776K, 99% used [0x0000000080000000,0x000000008c6b5d28,0x000000008c700000)
 Metaspace       used 76557K, committed 78272K, reserved 1179648K
  class space    used 8140K, committed 8896K, reserved 1048576K
}
Event: 35.939 GC heap before
{Heap before GC invocations=282 (full 3):
 PSYoungGen      total 3584K, used 3206K [0x00000000d5580000, 0x00000000d5a00000, 0x0000000100000000)
  eden space 2560K, 100% used [0x00000000d5580000,0x00000000d5800000,0x00000000d5800000)
  from space 1024K, 63% used [0x00000000d5900000,0x00000000d59a18f0,0x00000000d5a00000)
  to   space 1024K, 0% used [0x00000000d5800000,0x00000000d5800000,0x00000000d5900000)
 ParOldGen       total 203776K, used 203479K [0x0000000080000000, 0x000000008c700000, 0x00000000d5580000)
  object space 203776K, 99% used [0x0000000080000000,0x000000008c6b5d28,0x000000008c700000)
 Metaspace       used 76557K, committed 78272K, reserved 1179648K
  class space    used 8140K, committed 8896K, reserved 1048576K
}
Event: 35.942 GC heap after
{Heap after GC invocations=282 (full 3):
 PSYoungGen      total 3584K, used 605K [0x00000000d5580000, 0x00000000d5a00000, 0x0000000100000000)
  eden space 2560K, 0% used [0x00000000d5580000,0x00000000d5580000,0x00000000d5800000)
  from space 1024K, 59% used [0x00000000d5800000,0x00000000d5897700,0x00000000d5900000)
  to   space 1024K, 0% used [0x00000000d5900000,0x00000000d5900000,0x00000000d5a00000)
 ParOldGen       total 204288K, used 204026K [0x0000000080000000, 0x000000008c780000, 0x00000000d5580000)
  object space 204288K, 99% used [0x0000000080000000,0x000000008c73eb38,0x000000008c780000)
 Metaspace       used 76557K, committed 78272K, reserved 1179648K
  class space    used 8140K, committed 8896K, reserved 1048576K
}
Event: 35.968 GC heap before
{Heap before GC invocations=283 (full 3):
 PSYoungGen      total 3584K, used 3165K [0x00000000d5580000, 0x00000000d5a00000, 0x0000000100000000)
  eden space 2560K, 100% used [0x00000000d5580000,0x00000000d5800000,0x00000000d5800000)
  from space 1024K, 59% used [0x00000000d5800000,0x00000000d5897700,0x00000000d5900000)
  to   space 1024K, 0% used [0x00000000d5900000,0x00000000d5900000,0x00000000d5a00000)
 ParOldGen       total 204288K, used 204026K [0x0000000080000000, 0x000000008c780000, 0x00000000d5580000)
  object space 204288K, 99% used [0x0000000080000000,0x000000008c73eb38,0x000000008c780000)
 Metaspace       used 76557K, committed 78272K, reserved 1179648K
  class space    used 8140K, committed 8896K, reserved 1048576K
}
Event: 35.972 GC heap after
{Heap after GC invocations=283 (full 3):
 PSYoungGen      total 3584K, used 480K [0x00000000d5580000, 0x00000000d5a00000, 0x0000000100000000)
  eden space 2560K, 0% used [0x00000000d5580000,0x00000000d5580000,0x00000000d5800000)
  from space 1024K, 46% used [0x00000000d5900000,0x00000000d5978000,0x00000000d5a00000)
  to   space 1024K, 0% used [0x00000000d5800000,0x00000000d5800000,0x00000000d5900000)
 ParOldGen       total 204800K, used 204563K [0x0000000080000000, 0x000000008c800000, 0x00000000d5580000)
  object space 204800K, 99% used [0x0000000080000000,0x000000008c7c4ed0,0x000000008c800000)
 Metaspace       used 76557K, committed 78272K, reserved 1179648K
  class space    used 8140K, committed 8896K, reserved 1048576K
}

