# JRE version: OpenJDK Runtime Environment Temurin-21.0.8+9 (21.0.8+9) (build 21.0.8+9-LTS)
# Java VM: OpenJDK 64-Bit Server VM Temurin-21.0.8+9 (21.0.8+9-LTS, mixed mode, sharing, tiered, compressed oops, compressed class ptrs, parallel gc, windows-amd64)
GC Precious Log:
 CardTable entry size: 512
 CPUs: 8 total, 8 available
 Memory: 8014M
 Large Page Support: Disabled
 NUMA Support: Disabled
 Compressed Oops: Enabled (32-bit)
 Alignments: Space 512K, Generation 512K, Heap 2M
 Heap Min Capacity: 100M
 Heap Initial Capacity: 100M
 Heap Max Capacity: 2G
 Pre-touch: Disabled
 Parallel Workers: 8
Heap:
 PSYoungGen      total 20992K, used 13006K [0x00000000d5580000, 0x00000000d6e00000, 0x0000000100000000)
  eden space 19968K, 60% used [0x00000000d5580000,0x00000000d6139a98,0x00000000d6900000)
  from space 1024K, 97% used [0x00000000d6980000,0x00000000d6a79e70,0x00000000d6a80000)
  to   space 2560K, 0% used [0x00000000d6b80000,0x00000000d6b80000,0x00000000d6e00000)
 ParOldGen       total 68608K, used 33682K [0x0000000080000000, 0x0000000084300000, 0x00000000d5580000)
  object space 68608K, 49% used [0x0000000080000000,0x00000000820e49d0,0x0000000084300000)
 Metaspace       used 43012K, committed 44032K, reserved 1114112K
  class space    used 4326K, committed 4800K, reserved 1048576K
GC Heap History (20 events):
Event: 9.705 GC heap before
{Heap before GC invocations=20 (full 1):
 PSYoungGen      total 21504K, used 21461K [0x00000000d5580000, 0x00000000d7400000, 0x0000000100000000)
  eden space 19968K, 99% used [0x00000000d5580000,0x00000000d68f9ba8,0x00000000d6900000)
  from space 1536K, 98% used [0x00000000d6d80000,0x00000000d6efb970,0x00000000d6f00000)
  to   space 4608K, 0% used [0x00000000d6900000,0x00000000d6900000,0x00000000d6d80000)
 ParOldGen       total 68608K, used 30202K [0x0000000080000000, 0x0000000084300000, 0x00000000d5580000)
  object space 68608K, 44% used [0x0000000080000000,0x0000000081d7ead8,0x0000000084300000)
 Metaspace       used 33931K, committed 34880K, reserved 1114112K
  class space    used 3457K, committed 3904K, reserved 1048576K
}
Event: 9.710 GC heap after
{Heap after GC invocations=20 (full 1):
 PSYoungGen      total 22016K, used 1598K [0x00000000d5580000, 0x00000000d6e00000, 0x0000000100000000)
  eden space 19968K, 0% used [0x00000000d5580000,0x00000000d5580000,0x00000000d6900000)
  from space 2048K, 78% used [0x00000000d6900000,0x00000000d6a8fad8,0x00000000d6b00000)
  to   space 2560K, 0% used [0x00000000d6b80000,0x00000000d6b80000,0x00000000d6e00000)
 ParOldGen       total 68608K, used 31716K [0x0000000080000000, 0x0000000084300000, 0x00000000d5580000)
  object space 68608K, 46% used [0x0000000080000000,0x0000000081ef9340,0x0000000084300000)
 Metaspace       used 33931K, committed 34880K, reserved 1114112K
  class space    used 3457K, committed 3904K, reserved 1048576K
}
Event: 10.485 GC heap before
{Heap before GC invocations=21 (full 1):
 PSYoungGen      total 22016K, used 21511K [0x00000000d5580000, 0x00000000d6e00000, 0x0000000100000000)
  eden space 19968K, 99% used [0x00000000d5580000,0x00000000d68f2158,0x00000000d6900000)
  from space 2048K, 78% used [0x00000000d6900000,0x00000000d6a8fad8,0x00000000d6b00000)
  to   space 2560K, 0% used [0x00000000d6b80000,0x00000000d6b80000,0x00000000d6e00000)
 ParOldGen       total 68608K, used 31716K [0x0000000080000000, 0x0000000084300000, 0x00000000d5580000)
  object space 68608K, 46% used [0x0000000080000000,0x0000000081ef9340,0x0000000084300000)
 Metaspace       used 34646K, committed 35584K, reserved 1114112K
  class space    used 3540K, committed 3968K, reserved 1048576K
}
Event: 10.487 GC heap after
{Heap after GC invocations=21 (full 1):
 PSYoungGen      total 20480K, used 320K [0x00000000d5580000, 0x00000000d6c00000, 0x0000000100000000)
  eden space 19968K, 0% used [0x00000000d5580000,0x00000000d5580000,0x00000000d6900000)
  from space 512K, 62% used [0x00000000d6b80000,0x00000000d6bd0000,0x00000000d6c00000)
  to   space 1024K, 0% used [0x00000000d6a00000,0x00000000d6a00000,0x00000000d6b00000)
 ParOldGen       total 68608K, used 32607K [0x0000000080000000, 0x0000000084300000, 0x00000000d5580000)
  object space 68608K, 47% used [0x0000000080000000,0x0000000081fd7c48,0x0000000084300000)
 Metaspace       used 34646K, committed 35584K, reserved 1114112K
  class space    used 3540K, committed 3968K, reserved 1048576K
}
Event: 10.664 GC heap before
{Heap before GC invocations=22 (full 1):
 PSYoungGen      total 20480K, used 8035K [0x00000000d5580000, 0x00000000d6c00000, 0x0000000100000000)
  eden space 19968K, 38% used [0x00000000d5580000,0x00000000d5d08cd0,0x00000000d6900000)
  from space 512K, 62% used [0x00000000d6b80000,0x00000000d6bd0000,0x00000000d6c00000)
  to   space 1024K, 0% used [0x00000000d6a00000,0x00000000d6a00000,0x00000000d6b00000)
 ParOldGen       total 68608K, used 32607K [0x0000000080000000, 0x0000000084300000, 0x00000000d5580000)
  object space 68608K, 47% used [0x0000000080000000,0x0000000081fd7c48,0x0000000084300000)
 Metaspace       used 34974K, committed 35840K, reserved 1114112K
  class space    used 3571K, committed 3968K, reserved 1048576K
}
Event: 10.666 GC heap after
{Heap after GC invocations=22 (full 1):
 PSYoungGen      total 20992K, used 224K [0x00000000d5580000, 0x00000000d6c00000, 0x0000000100000000)
  eden space 19968K, 0% used [0x00000000d5580000,0x00000000d5580000,0x00000000d6900000)
  from space 1024K, 21% used [0x00000000d6a00000,0x00000000d6a38000,0x00000000d6b00000)
  to   space 512K, 0% used [0x00000000d6b80000,0x00000000d6b80000,0x00000000d6c00000)
 ParOldGen       total 68608K, used 32823K [0x0000000080000000, 0x0000000084300000, 0x00000000d5580000)
  object space 68608K, 47% used [0x0000000080000000,0x000000008200dc48,0x0000000084300000)
 Metaspace       used 34974K, committed 35840K, reserved 1114112K
  class space    used 3571K, committed 3968K, reserved 1048576K
}
Event: 10.666 GC heap before
{Heap before GC invocations=23 (full 2):
 PSYoungGen      total 20992K, used 224K [0x00000000d5580000, 0x00000000d6c00000, 0x0000000100000000)
  eden space 19968K, 0% used [0x00000000d5580000,0x00000000d5580000,0x00000000d6900000)
  from space 1024K, 21% used [0x00000000d6a00000,0x00000000d6a38000,0x00000000d6b00000)
  to   space 512K, 0% used [0x00000000d6b80000,0x00000000d6b80000,0x00000000d6c00000)
 ParOldGen       total 68608K, used 32823K [0x0000000080000000, 0x0000000084300000, 0x00000000d5580000)
  object space 68608K, 47% used [0x0000000080000000,0x000000008200dc48,0x0000000084300000)
 Metaspace       used 34974K, committed 35840K, reserved 1114112K
  class space    used 3571K, committed 3968K, reserved 1048576K
}
Event: 10.756 GC heap after
{Heap after GC invocations=23 (full 2):
 PSYoungGen      total 20992K, used 0K [0x00000000d5580000, 0x00000000d6c00000, 0x0000000100000000)
  eden space 19968K, 0% used [0x00000000d5580000,0x00000000d5580000,0x00000000d6900000)
  from space 1024K, 0% used [0x00000000d6a00000,0x00000000d6a00000,0x00000000d6b00000)
  to   space 512K, 0% used [0x00000000d6b80000,0x00000000d6b80000,0x00000000d6c00000)
 ParOldGen       total 68608K, used 29903K [0x0000000080000000, 0x0000000084300000, 0x00000000d5580000)
  object space 68608K, 43% used [0x0000000080000000,0x0000000081d33e18,0x0000000084300000)
 Metaspace       used 34974K, committed 35840K, reserved 1114112K
  class space    used 3571K, committed 3968K, reserved 1048576K
}
Event: 11.742 GC heap before
{Heap before GC invocations=24 (full 2):
 PSYoungGen      total 20992K, used 19968K [0x00000000d5580000, 0x00000000d6c00000, 0x0000000100000000)
  eden space 19968K, 100% used [0x00000000d5580000,0x00000000d6900000,0x00000000d6900000)
  from space 1024K, 0% used [0x00000000d6a00000,0x00000000d6a00000,0x00000000d6b00000)
  to   space 512K, 0% used [0x00000000d6b80000,0x00000000d6b80000,0x00000000d6c00000)
 ParOldGen       total 68608K, used 29903K [0x0000000080000000, 0x0000000084300000, 0x00000000d5580000)
  object space 68608K, 43% used [0x0000000080000000,0x0000000081d33e18,0x0000000084300000)
 Metaspace       used 36118K, committed 36992K, reserved 1114112K
  class space    used 3671K, committed 4096K, reserved 1048576K
}
Event: 11.744 GC heap after
{Heap after GC invocations=24 (full 2):
 PSYoungGen      total 20480K, used 512K [0x00000000d5580000, 0x00000000d6d00000, 0x0000000100000000)
  eden space 19968K, 0% used [0x00000000d5580000,0x00000000d5580000,0x00000000d6900000)
  from space 512K, 100% used [0x00000000d6b80000,0x00000000d6c00000,0x00000000d6c00000)
  to   space 2048K, 0% used [0x00000000d6900000,0x00000000d6900000,0x00000000d6b00000)
 ParOldGen       total 68608K, used 30892K [0x0000000080000000, 0x0000000084300000, 0x00000000d5580000)
  object space 68608K, 45% used [0x0000000080000000,0x0000000081e2b0c0,0x0000000084300000)
 Metaspace       used 36118K, committed 36992K, reserved 1114112K
  class space    used 3671K, committed 4096K, reserved 1048576K
}
Event: 12.079 GC heap before
{Heap before GC invocations=25 (full 2):
 PSYoungGen      total 20480K, used 20480K [0x00000000d5580000, 0x00000000d6d00000, 0x0000000100000000)
  eden space 19968K, 100% used [0x00000000d5580000,0x00000000d6900000,0x00000000d6900000)
  from space 512K, 100% used [0x00000000d6b80000,0x00000000d6c00000,0x00000000d6c00000)
  to   space 2048K, 0% used [0x00000000d6900000,0x00000000d6900000,0x00000000d6b00000)
 ParOldGen       total 68608K, used 30892K [0x0000000080000000, 0x0000000084300000, 0x00000000d5580000)
  object space 68608K, 45% used [0x0000000080000000,0x0000000081e2b0c0,0x0000000084300000)
 Metaspace       used 36919K, committed 37824K, reserved 1114112K
  class space    used 3758K, committed 4160K, reserved 1048576K
}
Event: 12.083 GC heap after
{Heap after GC invocations=25 (full 2):
 PSYoungGen      total 22016K, used 1578K [0x00000000d5580000, 0x00000000d6d00000, 0x0000000100000000)
  eden space 19968K, 0% used [0x00000000d5580000,0x00000000d5580000,0x00000000d6900000)
  from space 2048K, 77% used [0x00000000d6900000,0x00000000d6a8a850,0x00000000d6b00000)
  to   space 2048K, 0% used [0x00000000d6b00000,0x00000000d6b00000,0x00000000d6d00000)
 ParOldGen       total 68608K, used 31289K [0x0000000080000000, 0x0000000084300000, 0x00000000d5580000)
  object space 68608K, 45% used [0x0000000080000000,0x0000000081e8e7a8,0x0000000084300000)
 Metaspace       used 36919K, committed 37824K, reserved 1114112K
  class space    used 3758K, committed 4160K, reserved 1048576K
}
Event: 12.209 GC heap before
{Heap before GC invocations=26 (full 2):
 PSYoungGen      total 22016K, used 21546K [0x00000000d5580000, 0x00000000d6d00000, 0x0000000100000000)
  eden space 19968K, 100% used [0x00000000d5580000,0x00000000d6900000,0x00000000d6900000)
  from space 2048K, 77% used [0x00000000d6900000,0x00000000d6a8a850,0x00000000d6b00000)
  to   space 2048K, 0% used [0x00000000d6b00000,0x00000000d6b00000,0x00000000d6d00000)
 ParOldGen       total 68608K, used 31289K [0x0000000080000000, 0x0000000084300000, 0x00000000d5580000)
  object space 68608K, 45% used [0x0000000080000000,0x0000000081e8e7a8,0x0000000084300000)
 Metaspace       used 36999K, committed 37888K, reserved 1114112K
  class space    used 3762K, committed 4160K, reserved 1048576K
}
Event: 12.211 GC heap after
{Heap after GC invocations=26 (full 2):
 PSYoungGen      total 21504K, used 1346K [0x00000000d5580000, 0x00000000d6c80000, 0x0000000100000000)
  eden space 19968K, 0% used [0x00000000d5580000,0x00000000d5580000,0x00000000d6900000)
  from space 1536K, 87% used [0x00000000d6b00000,0x00000000d6c50bc0,0x00000000d6c80000)
  to   space 1536K, 0% used [0x00000000d6980000,0x00000000d6980000,0x00000000d6b00000)
 ParOldGen       total 68608K, used 32049K [0x0000000080000000, 0x0000000084300000, 0x00000000d5580000)
  object space 68608K, 46% used [0x0000000080000000,0x0000000081f4c7a8,0x0000000084300000)
 Metaspace       used 36999K, committed 37888K, reserved 1114112K
  class space    used 3762K, committed 4160K, reserved 1048576K
}
Event: 12.847 GC heap before
{Heap before GC invocations=27 (full 2):
 PSYoungGen      total 21504K, used 21314K [0x00000000d5580000, 0x00000000d6c80000, 0x0000000100000000)
  eden space 19968K, 100% used [0x00000000d5580000,0x00000000d6900000,0x00000000d6900000)
  from space 1536K, 87% used [0x00000000d6b00000,0x00000000d6c50bc0,0x00000000d6c80000)
  to   space 1536K, 0% used [0x00000000d6980000,0x00000000d6980000,0x00000000d6b00000)
 ParOldGen       total 68608K, used 32049K [0x0000000080000000, 0x0000000084300000, 0x00000000d5580000)
  object space 68608K, 46% used [0x0000000080000000,0x0000000081f4c7a8,0x0000000084300000)
 Metaspace       used 38875K, committed 39872K, reserved 1114112K
  class space    used 3928K, committed 4352K, reserved 1048576K
}
Event: 12.848 GC heap after
{Heap after GC invocations=27 (full 2):
 PSYoungGen      total 20480K, used 377K [0x00000000d5580000, 0x00000000d6b80000, 0x0000000100000000)
  eden space 19968K, 0% used [0x00000000d5580000,0x00000000d5580000,0x00000000d6900000)
  from space 512K, 73% used [0x00000000d6980000,0x00000000d69de470,0x00000000d6a00000)
  to   space 1024K, 0% used [0x00000000d6a80000,0x00000000d6a80000,0x00000000d6b80000)
 ParOldGen       total 68608K, used 32175K [0x0000000080000000, 0x0000000084300000, 0x00000000d5580000)
  object space 68608K, 46% used [0x0000000080000000,0x0000000081f6bc48,0x0000000084300000)
 Metaspace       used 38875K, committed 39872K, reserved 1114112K
  class space    used 3928K, committed 4352K, reserved 1048576K
}
Event: 14.275 GC heap before
{Heap before GC invocations=28 (full 2):
 PSYoungGen      total 20480K, used 20344K [0x00000000d5580000, 0x00000000d6b80000, 0x0000000100000000)
  eden space 19968K, 99% used [0x00000000d5580000,0x00000000d68fff60,0x00000000d6900000)
  from space 512K, 73% used [0x00000000d6980000,0x00000000d69de470,0x00000000d6a00000)
  to   space 1024K, 0% used [0x00000000d6a80000,0x00000000d6a80000,0x00000000d6b80000)
 ParOldGen       total 68608K, used 32175K [0x0000000080000000, 0x0000000084300000, 0x00000000d5580000)
  object space 68608K, 46% used [0x0000000080000000,0x0000000081f6bc48,0x0000000084300000)
 Metaspace       used 40302K, committed 41280K, reserved 1114112K
  class space    used 4030K, committed 4480K, reserved 1048576K
}
Event: 14.278 GC heap after
{Heap after GC invocations=28 (full 2):
 PSYoungGen      total 20992K, used 704K [0x00000000d5580000, 0x00000000d6b80000, 0x0000000100000000)
  eden space 19968K, 0% used [0x00000000d5580000,0x00000000d5580000,0x00000000d6900000)
  from space 1024K, 68% used [0x00000000d6a80000,0x00000000d6b30020,0x00000000d6b80000)
  to   space 1024K, 0% used [0x00000000d6980000,0x00000000d6980000,0x00000000d6a80000)
 ParOldGen       total 68608K, used 32404K [0x0000000080000000, 0x0000000084300000, 0x00000000d5580000)
  object space 68608K, 47% used [0x0000000080000000,0x0000000081fa5340,0x0000000084300000)
 Metaspace       used 40302K, committed 41280K, reserved 1114112K
  class space    used 4030K, committed 4480K, reserved 1048576K
}
Event: 15.109 GC heap before
{Heap before GC invocations=29 (full 2):
 PSYoungGen      total 20992K, used 20672K [0x00000000d5580000, 0x00000000d6b80000, 0x0000000100000000)
  eden space 19968K, 100% used [0x00000000d5580000,0x00000000d6900000,0x00000000d6900000)
  from space 1024K, 68% used [0x00000000d6a80000,0x00000000d6b30020,0x00000000d6b80000)
  to   space 1024K, 0% used [0x00000000d6980000,0x00000000d6980000,0x00000000d6a80000)
 ParOldGen       total 68608K, used 32404K [0x0000000080000000, 0x0000000084300000, 0x00000000d5580000)
  object space 68608K, 47% used [0x0000000080000000,0x0000000081fa5340,0x0000000084300000)
 Metaspace       used 41960K, committed 43008K, reserved 1114112K
  class space    used 4202K, committed 4672K, reserved 1048576K
}
Event: 15.113 GC heap after
{Heap after GC invocations=29 (full 2):
 PSYoungGen      total 20992K, used 999K [0x00000000d5580000, 0x00000000d6e00000, 0x0000000100000000)
  eden space 19968K, 0% used [0x00000000d5580000,0x00000000d5580000,0x00000000d6900000)
  from space 1024K, 97% used [0x00000000d6980000,0x00000000d6a79e70,0x00000000d6a80000)
  to   space 2560K, 0% used [0x00000000d6b80000,0x00000000d6b80000,0x00000000d6e00000)
 ParOldGen       total 68608K, used 33682K [0x0000000080000000, 0x0000000084300000, 0x00000000d5580000)
  object space 68608K, 49% used [0x0000000080000000,0x00000000820e49d0,0x0000000084300000)
 Metaspace       used 41960K, committed 43008K, reserved 1114112K
  class space    used 4202K, committed 4672K, reserved 1048576K
}

