# JRE version: OpenJDK Runtime Environment Temurin-21.0.2+13 (21.0.2+13) (build 21.0.2+13-LTS)
# Java VM: OpenJDK 64-Bit Server VM Temurin-21.0.2+13 (21.0.2+13-LTS, mixed mode, emulated-client, sharing, tiered, compressed oops, compressed class ptrs, g1 gc, windows-amd64)
GC Precious Log:
 CardTable entry size: 512
 Card Set container configuration: InlinePtr #cards 5 size 8 Array Of Cards #cards 12 size 40 Howl #buckets 4 coarsen threshold 1843 Howl Bitmap #cards 512 size 80 coarsen threshold 460 Card regions per heap region 1 cards per card region 2048
 CPUs: 8 total, 8 available
 Memory: 8014M
 Large Page Support: Disabled
 NUMA Support: Disabled
 Compressed Oops: Enabled (32-bit)
 Heap Region Size: 1M
 Heap Min Capacity: 8M
 Heap Initial Capacity: 126M
 Heap Max Capacity: 2004M
 Pre-touch: Disabled
 Parallel Workers: 8
 Concurrent Workers: 2
 Concurrent Refinement Workers: 8
 Periodic GC: Disabled
Heap:
 garbage-first heap   total 74752K, used 40179K [0x0000000082c00000, 0x0000000100000000)
  region size 1024K, 17 young (17408K), 5 survivors (5120K)
 Metaspace       used 59736K, committed 60416K, reserved 1114112K
  class space    used 8228K, committed 8512K, reserved 1048576K
GC Heap History (20 events):
Event: 3.121 GC heap after
{Heap after GC invocations=8 (full 0):
 garbage-first heap   total 58368K, used 20593K [0x0000000082c00000, 0x0000000100000000)
  region size 1024K, 4 young (4096K), 4 survivors (4096K)
 Metaspace       used 33577K, committed 34048K, reserved 1114112K
  class space    used 4637K, committed 4864K, reserved 1048576K
}
Event: 3.462 GC heap before
{Heap before GC invocations=9 (full 0):
 garbage-first heap   total 58368K, used 46193K [0x0000000082c00000, 0x0000000100000000)
  region size 1024K, 30 young (30720K), 4 survivors (4096K)
 Metaspace       used 38538K, committed 39104K, reserved 1114112K
  class space    used 5107K, committed 5376K, reserved 1048576K
}
Event: 3.467 GC heap after
{Heap after GC invocations=10 (full 0):
 garbage-first heap   total 58368K, used 22977K [0x0000000082c00000, 0x0000000100000000)
  region size 1024K, 4 young (4096K), 4 survivors (4096K)
 Metaspace       used 38538K, committed 39104K, reserved 1114112K
  class space    used 5107K, committed 5376K, reserved 1048576K
}
Event: 3.904 GC heap before
{Heap before GC invocations=10 (full 0):
 garbage-first heap   total 58368K, used 47553K [0x0000000082c00000, 0x0000000100000000)
  region size 1024K, 29 young (29696K), 4 survivors (4096K)
 Metaspace       used 44640K, committed 45184K, reserved 1114112K
  class space    used 6050K, committed 6272K, reserved 1048576K
}
Event: 3.909 GC heap after
{Heap after GC invocations=11 (full 0):
 garbage-first heap   total 58368K, used 25507K [0x0000000082c00000, 0x0000000100000000)
  region size 1024K, 3 young (3072K), 3 survivors (3072K)
 Metaspace       used 44640K, committed 45184K, reserved 1114112K
  class space    used 6050K, committed 6272K, reserved 1048576K
}
Event: 67.169 GC heap before
{Heap before GC invocations=11 (full 0):
 garbage-first heap   total 58368K, used 49059K [0x0000000082c00000, 0x0000000100000000)
  region size 1024K, 26 young (26624K), 3 survivors (3072K)
 Metaspace       used 47885K, committed 48576K, reserved 1114112K
  class space    used 6528K, committed 6848K, reserved 1048576K
}
Event: 67.176 GC heap after
{Heap after GC invocations=12 (full 0):
 garbage-first heap   total 70656K, used 27856K [0x0000000082c00000, 0x0000000100000000)
  region size 1024K, 3 young (3072K), 3 survivors (3072K)
 Metaspace       used 47885K, committed 48576K, reserved 1114112K
  class space    used 6528K, committed 6848K, reserved 1048576K
}
Event: 132.770 GC heap before
{Heap before GC invocations=12 (full 0):
 garbage-first heap   total 70656K, used 60624K [0x0000000082c00000, 0x0000000100000000)
  region size 1024K, 34 young (34816K), 3 survivors (3072K)
 Metaspace       used 55488K, committed 56128K, reserved 1114112K
  class space    used 7611K, committed 7872K, reserved 1048576K
}
Event: 132.775 GC heap after
{Heap after GC invocations=13 (full 0):
 garbage-first heap   total 70656K, used 29616K [0x0000000082c00000, 0x0000000100000000)
  region size 1024K, 4 young (4096K), 4 survivors (4096K)
 Metaspace       used 55488K, committed 56128K, reserved 1114112K
  class space    used 7611K, committed 7872K, reserved 1048576K
}
Event: 133.003 GC heap before
{Heap before GC invocations=13 (full 0):
 garbage-first heap   total 70656K, used 29616K [0x0000000082c00000, 0x0000000100000000)
  region size 1024K, 5 young (5120K), 4 survivors (4096K)
 Metaspace       used 56455K, committed 57088K, reserved 1114112K
  class space    used 7712K, committed 8000K, reserved 1048576K
}
Event: 133.011 GC heap after
{Heap after GC invocations=14 (full 0):
 garbage-first heap   total 70656K, used 29740K [0x0000000082c00000, 0x0000000100000000)
  region size 1024K, 2 young (2048K), 2 survivors (2048K)
 Metaspace       used 56455K, committed 57088K, reserved 1114112K
  class space    used 7712K, committed 8000K, reserved 1048576K
}
Event: 515.857 GC heap before
{Heap before GC invocations=15 (full 0):
 garbage-first heap   total 70656K, used 68652K [0x0000000082c00000, 0x0000000100000000)
  region size 1024K, 31 young (31744K), 2 survivors (2048K)
 Metaspace       used 59166K, committed 59712K, reserved 1114112K
  class space    used 8122K, committed 8384K, reserved 1048576K
}
Event: 515.862 GC heap after
{Heap after GC invocations=16 (full 0):
 garbage-first heap   total 74752K, used 31487K [0x0000000082c00000, 0x0000000100000000)
  region size 1024K, 4 young (4096K), 4 survivors (4096K)
 Metaspace       used 59166K, committed 59712K, reserved 1114112K
  class space    used 8122K, committed 8384K, reserved 1048576K
}
Event: 1590.287 GC heap before
{Heap before GC invocations=16 (full 0):
 garbage-first heap   total 74752K, used 67327K [0x0000000082c00000, 0x0000000100000000)
  region size 1024K, 36 young (36864K), 4 survivors (4096K)
 Metaspace       used 59377K, committed 60032K, reserved 1114112K
  class space    used 8158K, committed 8448K, reserved 1048576K
}
Event: 1590.343 GC heap after
{Heap after GC invocations=17 (full 0):
 garbage-first heap   total 74752K, used 28946K [0x0000000082c00000, 0x0000000100000000)
  region size 1024K, 2 young (2048K), 2 survivors (2048K)
 Metaspace       used 59377K, committed 60032K, reserved 1114112K
  class space    used 8158K, committed 8448K, reserved 1048576K
}
Event: 2197.008 GC heap before
{Heap before GC invocations=17 (full 0):
 garbage-first heap   total 74752K, used 45330K [0x0000000082c00000, 0x0000000100000000)
  region size 1024K, 19 young (19456K), 2 survivors (2048K)
 Metaspace       used 59556K, committed 60224K, reserved 1114112K
  class space    used 8198K, committed 8512K, reserved 1048576K
}
Event: 2197.234 GC heap after
{Heap after GC invocations=18 (full 1):
 garbage-first heap   total 74752K, used 23614K [0x0000000082c00000, 0x0000000100000000)
  region size 1024K, 0 young (0K), 0 survivors (0K)
 Metaspace       used 59470K, committed 60224K, reserved 1114112K
  class space    used 8174K, committed 8512K, reserved 1048576K
}
Event: 2202.062 GC heap before
{Heap before GC invocations=18 (full 1):
 garbage-first heap   total 74752K, used 60478K [0x0000000082c00000, 0x0000000100000000)
  region size 1024K, 37 young (37888K), 0 survivors (0K)
 Metaspace       used 59632K, committed 60288K, reserved 1114112K
  class space    used 8209K, committed 8512K, reserved 1048576K
}
Event: 2202.075 GC heap after
{Heap after GC invocations=19 (full 1):
 garbage-first heap   total 74752K, used 28915K [0x0000000082c00000, 0x0000000100000000)
  region size 1024K, 5 young (5120K), 5 survivors (5120K)
 Metaspace       used 59632K, committed 60288K, reserved 1114112K
  class space    used 8209K, committed 8512K, reserved 1048576K
}
Event: 2204.739 GC heap before
{Heap before GC invocations=20 (full 1):
 garbage-first heap   total 74752K, used 40179K [0x0000000082c00000, 0x0000000100000000)
  region size 1024K, 17 young (17408K), 5 survivors (5120K)
 Metaspace       used 59736K, committed 60416K, reserved 1114112K
  class space    used 8228K, committed 8512K, reserved 1048576K
}

